app/build/outputs/logs/manifest-merger-release-report.txt
-- Merging decision tree log ---
manifest
ADDED from src\main\AndroidManifest.xml:2:1-266:12
	package
		ADDED from src\main\AndroidManifest.xml:3:5-41
		INJECTED from src\main\AndroidManifest.xml
		INJECTED from src\main\AndroidManifest.xml
	android:versionName
		ADDED from src\main\AndroidManifest.xml:5:5-30
		INJECTED from src\main\AndroidManifest.xml
		INJECTED from src\main\AndroidManifest.xml
	android:versionCode
		ADDED from src\main\AndroidManifest.xml:4:5-28
		INJECTED from src\main\AndroidManifest.xml
		INJECTED from src\main\AndroidManifest.xml
	xmlns:android
		ADDED from src\main\AndroidManifest.xml:2:11-69
uses-sdk
ADDED from src\main\AndroidManifest.xml:7:5-9:41
MERGED from [com.android.support:support-v4:20.0.0] AndroidManifest.xml:16:5-42
MERGED from [com.android.support:appcompat-v7:20.0.0] AndroidManifest.xml:16:5-42
MERGED from [com.android.support:support-v4:20.0.0] AndroidManifest.xml:16:5-42
	android:targetSdkVersion
		ADDED from src\main\AndroidManifest.xml:9:9-38
		INJECTED from src\main\AndroidManifest.xml
		INJECTED from src\main\AndroidManifest.xml
	android:minSdkVersion
		ADDED from src\main\AndroidManifest.xml:8:9-34
		INJECTED from src\main\AndroidManifest.xml
		INJECTED from src\main\AndroidManifest.xml
uses-permission#com.android.launcher.permission.READ_SETTINGS
ADDED from src\main\AndroidManifest.xml:11:5-85
	android:name
		ADDED from src\main\AndroidManifest.xml:11:22-82
uses-permission#android.permission.WAKE_LOCK
ADDED from src\main\AndroidManifest.xml:12:5-68
	android:name
		ADDED from src\main\AndroidManifest.xml:12:22-65
uses-permission#android.permission.GET_TASKS
ADDED from src\main\AndroidManifest.xml:13:5-68
	android:name
		ADDED from src\main\AndroidManifest.xml:13:22-65
uses-permission#android.permission.WRITE_SETTINGS
ADDED from src\main\AndroidManifest.xml:14:5-73
	android:name
		ADDED from src\main\AndroidManifest.xml:14:22-70
uses-permission#android.permission.ACCESS_COARSE_LOCATION
ADDED from src\main\AndroidManifest.xml:16:5-97
	android:name
		ADDED from src\main\AndroidManifest.xml:16:22-78
uses-permission#android.permission.ACCESS_FINE_LOCATION
ADDED from src\main\AndroidManifest.xml:18:5-95
	android:name
		ADDED from src\main\AndroidManifest.xml:18:22-76
uses-permission#android.permission.ACCESS_WIFI_STATE
ADDED from src\main\AndroidManifest.xml:20:5-92
	android:name
		ADDED from src\main\AndroidManifest.xml:20:22-73
uses-permission#android.permission.ACCESS_NETWORK_STATE
ADDED from src\main\AndroidManifest.xml:22:5-95
	android:name
		ADDED from src\main\AndroidManifest.xml:22:22-76
uses-permission#android.permission.CHANGE_WIFI_STATE
ADDED from src\main\AndroidManifest.xml:24:5-92
	android:name
		ADDED from src\main\AndroidManifest.xml:24:22-73
uses-permission#android.permission.READ_PHONE_STATE
ADDED from src\main\AndroidManifest.xml:26:5-91
	android:name
		ADDED from src\main\AndroidManifest.xml:26:22-72
uses-permission#android.permission.WRITE_EXTERNAL_STORAGE
ADDED from src\main\AndroidManifest.xml:28:5-97
	android:name
		ADDED from src\main\AndroidManifest.xml:28:22-78
uses-permission#android.permission.INTERNET
ADDED from src\main\AndroidManifest.xml:30:5-67
	android:name
		ADDED from src\main\AndroidManifest.xml:30:22-64
uses-permission#android.permission.MOUNT_UNMOUNT_FILESYSTEMS
ADDED from src\main\AndroidManifest.xml:32:5-100
	android:name
		ADDED from src\main\AndroidManifest.xml:32:22-81
uses-permission#android.permission.RECORD_AUDIO
ADDED from src\main\AndroidManifest.xml:33:5-71
	android:name
		ADDED from src\main\AndroidManifest.xml:33:22-68
uses-permission#android.permission.BLUETOOTH_ADMIN
ADDED from src\main\AndroidManifest.xml:35:5-74
	android:name
		ADDED from src\main\AndroidManifest.xml:35:22-71
uses-permission#android.permission.RESTART_PACKAGES
ADDED from src\main\AndroidManifest.xml:38:5-75
	android:name
		ADDED from src\main\AndroidManifest.xml:38:22-72
uses-permission#android.permission.BROADCAST_STICKY
ADDED from src\main\AndroidManifest.xml:39:5-75
	android:name
		ADDED from src\main\AndroidManifest.xml:39:22-72
uses-permission#android.permission.KILL_BACKGROUND_PROCESSES
ADDED from src\main\AndroidManifest.xml:40:5-84
	android:name
		ADDED from src\main\AndroidManifest.xml:40:22-81
uses-permission#android.permission.READ_LOGS
ADDED from src\main\AndroidManifest.xml:41:5-68
	android:name
		ADDED from src\main\AndroidManifest.xml:41:22-65
uses-permission#android.permission.VIBRATE
ADDED from src\main\AndroidManifest.xml:42:5-66
	android:name
		ADDED from src\main\AndroidManifest.xml:42:22-63
uses-permission#android.permission.BLUETOOTH
ADDED from src\main\AndroidManifest.xml:44:5-68
	android:name
		ADDED from src\main\AndroidManifest.xml:44:22-65
uses-permission#android.permission.BATTERY_STATS
ADDED from src\main\AndroidManifest.xml:45:5-72
	android:name
		ADDED from src\main\AndroidManifest.xml:45:22-69
uses-permission#android.permission.RECEIVE_USER_PRESENT
ADDED from src\main\AndroidManifest.xml:48:5-79
	android:name
		ADDED from src\main\AndroidManifest.xml:48:22-76
uses-permission#android.permission.RECEIVE_BOOT_COMPLETED
ADDED from src\main\AndroidManifest.xml:49:5-81
	android:name
		ADDED from src\main\AndroidManifest.xml:49:22-78
application
ADDED from src\main\AndroidManifest.xml:52:5-264:19
MERGED from [com.android.support:support-v4:20.0.0] AndroidManifest.xml:17:5-19
MERGED from [com.android.support:appcompat-v7:20.0.0] AndroidManifest.xml:17:5-19
MERGED from [com.android.support:support-v4:20.0.0] AndroidManifest.xml:17:5-19
	android:label
		ADDED from src\main\AndroidManifest.xml:56:9-41
	android:allowBackup
		ADDED from src\main\AndroidManifest.xml:54:9-35
	android:icon
		ADDED from src\main\AndroidManifest.xml:55:9-38
	android:theme
		ADDED from src\main\AndroidManifest.xml:57:9-62
	android:name
		ADDED from src\main\AndroidManifest.xml:53:9-62
activity#com.example.tjwx_person.activity.MainActivity
ADDED from src\main\AndroidManifest.xml:58:9-65:20
	android:label
		ADDED from src\main\AndroidManifest.xml:60:13-45
	android:name
		ADDED from src\main\AndroidManifest.xml:59:13-73
intent-filter#android.intent.action.MAIN+android.intent.category.LAUNCHER
ADDED from src\main\AndroidManifest.xml:61:13-64:29
action#android.intent.action.MAIN
ADDED from src\main\AndroidManifest.xml:62:17-69
	android:name
		ADDED from src\main\AndroidManifest.xml:62:25-66
category#android.intent.category.LAUNCHER
ADDED from src\main\AndroidManifest.xml:63:17-77
	android:name
		ADDED from src\main\AndroidManifest.xml:63:27-74
activity#com.example.tjwx_person.activity.agreegmentActivity
ADDED from src\main\AndroidManifest.xml:66:9-88
	android:name
		ADDED from src\main\AndroidManifest.xml:66:19-85
activity#com.example.tjwx_person.activity.AddressActivity
ADDED from src\main\AndroidManifest.xml:67:9-85
	android:name
		ADDED from src\main\AndroidManifest.xml:67:19-82
activity#com.example.tjwx_person.activity.CouponActivity
ADDED from src\main\AndroidManifest.xml:68:9-71:47
	android:launchMode
		ADDED from src\main\AndroidManifest.xml:71:13-44
	android:exported
		ADDED from src\main\AndroidManifest.xml:70:13-36
	android:name
		ADDED from src\main\AndroidManifest.xml:69:13-75
activity#com.example.tjwx_person.activity.RepairActivity
ADDED from src\main\AndroidManifest.xml:72:9-75:75
	android:launchMode
		ADDED from src\main\AndroidManifest.xml:74:13-44
	android:windowSoftInputMode
		ADDED from src\main\AndroidManifest.xml:75:13-72
	android:name
		ADDED from src\main\AndroidManifest.xml:73:13-75
activity#com.example.tjwx_person.activity.PersonAcivity
ADDED from src\main\AndroidManifest.xml:76:9-78:63
	android:theme
		ADDED from src\main\AndroidManifest.xml:78:13-60
	android:name
		ADDED from src\main\AndroidManifest.xml:77:13-74
activity#com.example.tjwx_person.activity.RegistActivity
ADDED from src\main\AndroidManifest.xml:79:9-84
	android:name
		ADDED from src\main\AndroidManifest.xml:79:19-81
activity#com.example.tjwx_person.activity.OrderDetailActivity
ADDED from src\main\AndroidManifest.xml:80:9-89
	android:name
		ADDED from src\main\AndroidManifest.xml:80:19-86
activity#com.example.tjwx_person.activity.EmergencyRepairActivity
ADDED from src\main\AndroidManifest.xml:81:9-83:75
	android:windowSoftInputMode
		ADDED from src\main\AndroidManifest.xml:83:13-72
	android:name
		ADDED from src\main\AndroidManifest.xml:82:13-84
activity#com.example.tjwx_person.activity.CancelUnclosedActivity
ADDED from src\main\AndroidManifest.xml:84:9-92
	android:name
		ADDED from src\main\AndroidManifest.xml:84:19-89
activity#com.example.tjwx_person.activity.CancelClosedActivity
ADDED from src\main\AndroidManifest.xml:85:9-90
	android:name
		ADDED from src\main\AndroidManifest.xml:85:19-87
activity#com.example.tjwx_person.activity.ComparesActivity
ADDED from src\main\AndroidManifest.xml:86:9-88:75
	android:windowSoftInputMode
		ADDED from src\main\AndroidManifest.xml:88:13-72
	android:name
		ADDED from src\main\AndroidManifest.xml:87:13-77
activity#com.example.tjwx_person.activity.DisSuccessActivity
ADDED from src\main\AndroidManifest.xml:89:9-92:47
	android:launchMode
		ADDED from src\main\AndroidManifest.xml:92:13-44
	android:exported
		ADDED from src\main\AndroidManifest.xml:91:13-36
	android:name
		ADDED from src\main\AndroidManifest.xml:90:13-79
activity#com.example.tjwx_person.activity.PayActivity
ADDED from src\main\AndroidManifest.xml:93:9-96:47
	android:launchMode
		ADDED from src\main\AndroidManifest.xml:96:13-44
	android:exported
		ADDED from src\main\AndroidManifest.xml:95:13-36
	android:name
		ADDED from src\main\AndroidManifest.xml:94:13-72
activity#com.example.tjwx_person.activity.MessageActivity
ADDED from src\main\AndroidManifest.xml:97:9-100:47
	android:launchMode
		ADDED from src\main\AndroidManifest.xml:100:13-44
	android:exported
		ADDED from src\main\AndroidManifest.xml:99:13-36
	android:name
		ADDED from src\main\AndroidManifest.xml:98:13-76
activity#com.example.tjwx_person.activity.PayChoiceActivity
ADDED from src\main\AndroidManifest.xml:101:9-103:47
	android:launchMode
		ADDED from src\main\AndroidManifest.xml:103:13-44
	android:name
		ADDED from src\main\AndroidManifest.xml:102:13-78
activity#com.example.tjwx_person.activity.Pay_NOActivity
ADDED from src\main\AndroidManifest.xml:104:9-84
	android:name
		ADDED from src\main\AndroidManifest.xml:104:19-81
activity#com.example.tjwx_person.activity.Pay_OKActivity
ADDED from src\main\AndroidManifest.xml:105:9-84
	android:name
		ADDED from src\main\AndroidManifest.xml:105:19-81
activity#com.example.tjwx_person.activity.refused_to_payAcitivity
ADDED from src\main\AndroidManifest.xml:106:9-93
	android:name
		ADDED from src\main\AndroidManifest.xml:106:19-90
activity#com.example.tjwx_person.activity.PersonDataActivity
ADDED from src\main\AndroidManifest.xml:107:9-88
	android:name
		ADDED from src\main\AndroidManifest.xml:107:19-85
activity#com.example.tjwx_person.activity.Person_AboutWeActivity
ADDED from src\main\AndroidManifest.xml:108:9-92
	android:name
		ADDED from src\main\AndroidManifest.xml:108:19-89
activity#com.example.tjwx_person.activity.OrderListActivity
ADDED from src\main\AndroidManifest.xml:109:9-87
	android:name
		ADDED from src\main\AndroidManifest.xml:109:19-84
activity#com.example.tjwx_person.activity.FeelBackActivity
ADDED from src\main\AndroidManifest.xml:110:9-86
	android:name
		ADDED from src\main\AndroidManifest.xml:110:19-83
activity#com.example.tjwx_person.activity.CompanyProfileActivity
ADDED from src\main\AndroidManifest.xml:111:9-92
	android:name
		ADDED from src\main\AndroidManifest.xml:111:19-89
activity#com.example.tjwx_person.activity.CompanyClauseActivity
ADDED from src\main\AndroidManifest.xml:112:9-91
	android:name
		ADDED from src\main\AndroidManifest.xml:112:19-88
activity#com.example.tjwx_person.activity.PricelistActivity
ADDED from src\main\AndroidManifest.xml:113:9-87
	android:name
		ADDED from src\main\AndroidManifest.xml:113:19-84
activity#com.example.tjwx_person.activity.OrderBouncedActivity
ADDED from src\main\AndroidManifest.xml:114:9-90
	android:name
		ADDED from src\main\AndroidManifest.xml:114:19-87
activity#com.example.tjwx_person.activity.OrderFinishedActivity
ADDED from src\main\AndroidManifest.xml:115:9-91
	android:name
		ADDED from src\main\AndroidManifest.xml:115:19-88
activity#com.example.tjwx_person.activity.SetUpActivity
ADDED from src\main\AndroidManifest.xml:116:9-83
	android:name
		ADDED from src\main\AndroidManifest.xml:116:19-80
activity#com.example.tjwx_person.activity.NoticeActivity
ADDED from src\main\AndroidManifest.xml:117:9-84
	android:name
		ADDED from src\main\AndroidManifest.xml:117:19-81
activity#com.example.tjwx_person.activity.FunctionActivity
ADDED from src\main\AndroidManifest.xml:118:9-86
	android:name
		ADDED from src\main\AndroidManifest.xml:118:19-83
service#com.example.tjwx_person.tool.DownloadService
ADDED from src\main\AndroidManifest.xml:120:9-80
	android:name
		ADDED from src\main\AndroidManifest.xml:120:18-77
activity#com.alipay.sdk.app.H5PayActivity
ADDED from src\main\AndroidManifest.xml:122:9-126:59
	android:screenOrientation
		ADDED from src\main\AndroidManifest.xml:126:13-47
	android:exported
		ADDED from src\main\AndroidManifest.xml:125:13-37
	android:configChanges
		ADDED from src\main\AndroidManifest.xml:124:13-74
	android:name
		ADDED from src\main\AndroidManifest.xml:123:13-60
activity#com.alipay.sdk.auth.AuthActivity
ADDED from src\main\AndroidManifest.xml:127:9-131:59
	android:screenOrientation
		ADDED from src\main\AndroidManifest.xml:131:13-47
	android:exported
		ADDED from src\main\AndroidManifest.xml:130:13-37
	android:configChanges
		ADDED from src\main\AndroidManifest.xml:129:13-74
	android:name
		ADDED from src\main\AndroidManifest.xml:128:13-60
activity#com.cxcl.property.customer.wxapi.WXPayEntryActivity
ADDED from src\main\AndroidManifest.xml:133:9-136:46
	android:launchMode
		ADDED from src\main\AndroidManifest.xml:136:13-43
	android:exported
		ADDED from src\main\AndroidManifest.xml:135:13-36
	android:name
		ADDED from src\main\AndroidManifest.xml:134:13-53
activity#com.mob.tools.MobUIShell
ADDED from src\main\AndroidManifest.xml:138:9-159:20
	android:screenOrientation
		ADDED from src\main\AndroidManifest.xml:141:13-49
	android:windowSoftInputMode
		ADDED from src\main\AndroidManifest.xml:143:13-67
	android:configChanges
		ADDED from src\main\AndroidManifest.xml:140:13-74
	android:theme
		ADDED from src\main\AndroidManifest.xml:142:13-72
	android:name
		ADDED from src\main\AndroidManifest.xml:139:13-52
intent-filter#android.intent.action.VIEW+android.intent.category.BROWSABLE+android.intent.category.DEFAULT
ADDED from src\main\AndroidManifest.xml:144:13-151:29
data
ADDED from src\main\AndroidManifest.xml:145:17-59
	android:scheme
		ADDED from src\main\AndroidManifest.xml:145:23-56
action#android.intent.action.VIEW
ADDED from src\main\AndroidManifest.xml:147:17-69
	android:name
		ADDED from src\main\AndroidManifest.xml:147:25-66
category#android.intent.category.BROWSABLE
ADDED from src\main\AndroidManifest.xml:149:17-78
	android:name
		ADDED from src\main\AndroidManifest.xml:149:27-75
category#android.intent.category.DEFAULT
ADDED from src\main\AndroidManifest.xml:150:17-76
	android:name
		ADDED from src\main\AndroidManifest.xml:150:27-73
intent-filter#android.intent.category.DEFAULT+com.sina.weibo.sdk.action.ACTION_SDK_REQ_ACTIVITY
ADDED from src\main\AndroidManifest.xml:154:13-158:29
action#com.sina.weibo.sdk.action.ACTION_SDK_REQ_ACTIVITY
ADDED from src\main\AndroidManifest.xml:155:17-92
	android:name
		ADDED from src\main\AndroidManifest.xml:155:25-89
activity#com.cxcl.property.customer.wxapi.WXEntryActivity
ADDED from src\main\AndroidManifest.xml:162:9-167:75
	android:screenOrientation
		ADDED from src\main\AndroidManifest.xml:166:13-49
	android:exported
		ADDED from src\main\AndroidManifest.xml:165:13-36
	android:configChanges
		ADDED from src\main\AndroidManifest.xml:164:13-74
	android:theme
		ADDED from src\main\AndroidManifest.xml:167:13-72
	android:name
		ADDED from src\main\AndroidManifest.xml:163:13-50
meta-data#com.baidu.lbsapi.API_KEY
ADDED from src\main\AndroidManifest.xml:169:9-171:56
	android:value
		ADDED from src\main\AndroidManifest.xml:171:13-53
	android:name
		ADDED from src\main\AndroidManifest.xml:170:13-52
service#com.baidu.location.f
ADDED from src\main\AndroidManifest.xml:173:9-176:41
	android:enabled
		ADDED from src\main\AndroidManifest.xml:175:13-35
	android:process
		ADDED from src\main\AndroidManifest.xml:176:13-38
	android:name
		ADDED from src\main\AndroidManifest.xml:174:13-48
meta-data#XG_V2_ACCESS_ID
ADDED from src\main\AndroidManifest.xml:180:9-182:42
	android:value
		ADDED from src\main\AndroidManifest.xml:182:13-39
	android:name
		ADDED from src\main\AndroidManifest.xml:181:13-43
meta-data#XG_V2_ACCESS_KEY
ADDED from src\main\AndroidManifest.xml:184:9-186:44
	android:value
		ADDED from src\main\AndroidManifest.xml:186:13-41
	android:name
		ADDED from src\main\AndroidManifest.xml:185:13-44
service#com.tencent.android.tpush.service.XGPushService
ADDED from src\main\AndroidManifest.xml:189:9-193:48
	android:process
		ADDED from src\main\AndroidManifest.xml:193:13-45
	android:exported
		ADDED from src\main\AndroidManifest.xml:191:13-36
	android:persistent
		ADDED from src\main\AndroidManifest.xml:192:13-38
	android:name
		ADDED from src\main\AndroidManifest.xml:190:13-75
service#com.tencent.android.tpush.rpc.XGRemoteService
ADDED from src\main\AndroidManifest.xml:196:9-204:19
	android:exported
		ADDED from src\main\AndroidManifest.xml:198:13-36
	android:name
		ADDED from src\main\AndroidManifest.xml:197:13-73
intent-filter#com.cxcl.property.customer.PUSH_ACTION
ADDED from src\main\AndroidManifest.xml:199:13-203:29
action#com.cxcl.property.customer.PUSH_ACTION
ADDED from src\main\AndroidManifest.xml:202:17-81
	android:name
		ADDED from src\main\AndroidManifest.xml:202:25-78
receiver#com.tencent.android.tpush.XGPushReceiver
ADDED from src\main\AndroidManifest.xml:206:9-237:20
	android:process
		ADDED from src\main\AndroidManifest.xml:209:13-45
	android:name
		ADDED from src\main\AndroidManifest.xml:207:13-68
intent-filter#android.bluetooth.adapter.action.STATE_CHANGED+android.intent.action.ACTION_POWER_CONNECTED+android.intent.action.ACTION_POWER_DISCONNECTED+android.intent.action.USER_PRESENT+android.net.conn.CONNECTIVITY_CHANGE+com.tencent.android.tpush.action.INTERNAL_PUSH_MESSAGE+com.tencent.android.tpush.action.SDK
ADDED from src\main\AndroidManifest.xml:210:13-227:29
	android:priority
		ADDED from src\main\AndroidManifest.xml:210:28-57
action#com.tencent.android.tpush.action.SDK
ADDED from src\main\AndroidManifest.xml:215:17-79
	android:name
		ADDED from src\main\AndroidManifest.xml:215:25-76
action#com.tencent.android.tpush.action.INTERNAL_PUSH_MESSAGE
ADDED from src\main\AndroidManifest.xml:216:17-97
	android:name
		ADDED from src\main\AndroidManifest.xml:216:25-94
action#android.net.conn.CONNECTIVITY_CHANGE
ADDED from src\main\AndroidManifest.xml:218:17-79
	android:name
		ADDED from src\main\AndroidManifest.xml:218:25-76
action#android.intent.action.USER_PRESENT
ADDED from src\main\AndroidManifest.xml:221:17-77
	android:name
		ADDED from src\main\AndroidManifest.xml:221:25-74
action#android.bluetooth.adapter.action.STATE_CHANGED
ADDED from src\main\AndroidManifest.xml:224:17-89
	android:name
		ADDED from src\main\AndroidManifest.xml:224:25-86
action#android.intent.action.ACTION_POWER_CONNECTED
ADDED from src\main\AndroidManifest.xml:225:17-87
	android:name
		ADDED from src\main\AndroidManifest.xml:225:25-84
action#android.intent.action.ACTION_POWER_DISCONNECTED
ADDED from src\main\AndroidManifest.xml:226:17-90
	android:name
		ADDED from src\main\AndroidManifest.xml:226:25-87
intent-filter#android.intent.action.MEDIA_CHECKING+android.intent.action.MEDIA_EJECT+android.intent.action.MEDIA_REMOVED+android.intent.action.MEDIA_UNMOUNTED
ADDED from src\main\AndroidManifest.xml:229:13-236:29
	android:priority
		ADDED from src\main\AndroidManifest.xml:229:28-57
action#android.intent.action.MEDIA_UNMOUNTED
ADDED from src\main\AndroidManifest.xml:230:17-80
	android:name
		ADDED from src\main\AndroidManifest.xml:230:25-77
action#android.intent.action.MEDIA_REMOVED
ADDED from src\main\AndroidManifest.xml:231:17-78
	android:name
		ADDED from src\main\AndroidManifest.xml:231:25-75
action#android.intent.action.MEDIA_CHECKING
ADDED from src\main\AndroidManifest.xml:232:17-79
	android:name
		ADDED from src\main\AndroidManifest.xml:232:25-76
action#android.intent.action.MEDIA_EJECT
ADDED from src\main\AndroidManifest.xml:233:17-76
	android:name
		ADDED from src\main\AndroidManifest.xml:233:25-73
activity#com.tencent.android.tpush.XGPushActivity
ADDED from src\main\AndroidManifest.xml:239:9-248:20
	android:exported
		ADDED from src\main\AndroidManifest.xml:241:13-37
	android:theme
		ADDED from src\main\AndroidManifest.xml:242:13-61
	android:name
		ADDED from src\main\AndroidManifest.xml:240:13-68
intent-filter#android.intent.action
ADDED from src\main\AndroidManifest.xml:243:13-247:29
action#android.intent.action
ADDED from src\main\AndroidManifest.xml:246:17-64
	android:name
		ADDED from src\main\AndroidManifest.xml:246:25-61
receiver#com.example.tjwx_person.receiver.MessageReceiver
ADDED from src\main\AndroidManifest.xml:252:9-263:20
	android:exported
		ADDED from src\main\AndroidManifest.xml:255:13-37
	android:name
		ADDED from src\main\AndroidManifest.xml:253:13-76
intent-filter#com.tencent.android.tpush.action.FEEDBACK+com.tencent.android.tpush.action.PUSH_MESSAGE
ADDED from src\main\AndroidManifest.xml:256:13-262:29
action#com.tencent.android.tpush.action.PUSH_MESSAGE
ADDED from src\main\AndroidManifest.xml:259:17-88
	android:name
		ADDED from src\main\AndroidManifest.xml:259:25-85
action#com.tencent.android.tpush.action.FEEDBACK
ADDED from src\main\AndroidManifest.xml:261:17-84
	android:name
		ADDED from src\main\AndroidManifest.xml:261:25-81